Determining if the include file strings.h exists failed with the following output:
Change Dir: C:/Users/vm1/Downloads/fractal-protocol/desktop/include/json-c/out/build/x64-Debug/CMakeFiles/CMakeTmp

Run Build Command(s):C:/Program Files (x86)/Microsoft Visual Studio/2019/Community/Common7/IDE/CommonExtensions/Microsoft/CMake/Ninja/ninja.exe cmTC_47e1b && [1/2] Building C object CMakeFiles\cmTC_47e1b.dir\CheckIncludeFile.c.obj
FAILED: CMakeFiles/cmTC_47e1b.dir/CheckIncludeFile.c.obj 
"C:\PROGRA~2\Microsoft Visual Studio\2019\Community\VC\Tools\MSVC\14.23.28105\bin\HostX64\x64\cl.exe"  /nologo -D_CRT_SECURE_NO_DEPRECATE  /DWIN32 /D_WINDOWS /W3 /wd4996 /MDd /Zi /Ob0 /Od /RTC1 /showIncludes /FoCMakeFiles\cmTC_47e1b.dir\CheckIncludeFile.c.obj /FdCMakeFiles\cmTC_47e1b.dir\ /FS -c CheckIncludeFile.c
CheckIncludeFile.c(1): fatal error C1083: Cannot open include file: 'strings.h': No such file or directory
ninja: build stopped: subcommand failed.



Determining if the include file syslog.h exists failed with the following output:
Change Dir: C:/Users/vm1/Downloads/fractal-protocol/desktop/include/json-c/out/build/x64-Debug/CMakeFiles/CMakeTmp

Run Build Command(s):C:/Program Files (x86)/Microsoft Visual Studio/2019/Community/Common7/IDE/CommonExtensions/Microsoft/CMake/Ninja/ninja.exe cmTC_51b1f && [1/2] Building C object CMakeFiles\cmTC_51b1f.dir\CheckIncludeFile.c.obj
FAILED: CMakeFiles/cmTC_51b1f.dir/CheckIncludeFile.c.obj 
"C:\PROGRA~2\Microsoft Visual Studio\2019\Community\VC\Tools\MSVC\14.23.28105\bin\HostX64\x64\cl.exe"  /nologo -D_CRT_SECURE_NO_DEPRECATE  /DWIN32 /D_WINDOWS /W3 /wd4996 /MDd /Zi /Ob0 /Od /RTC1 /showIncludes /FoCMakeFiles\cmTC_51b1f.dir\CheckIncludeFile.c.obj /FdCMakeFiles\cmTC_51b1f.dir\ /FS -c CheckIncludeFile.c
CheckIncludeFile.c(1): fatal error C1083: Cannot open include file: 'syslog.h': No such file or directory
ninja: build stopped: subcommand failed.



Determining if the include file unistd.h exists failed with the following output:
Change Dir: C:/Users/vm1/Downloads/fractal-protocol/desktop/include/json-c/out/build/x64-Debug/CMakeFiles/CMakeTmp

Run Build Command(s):C:/Program Files (x86)/Microsoft Visual Studio/2019/Community/Common7/IDE/CommonExtensions/Microsoft/CMake/Ninja/ninja.exe cmTC_eadb6 && [1/2] Building C object CMakeFiles\cmTC_eadb6.dir\CheckIncludeFile.c.obj
FAILED: CMakeFiles/cmTC_eadb6.dir/CheckIncludeFile.c.obj 
"C:\PROGRA~2\Microsoft Visual Studio\2019\Community\VC\Tools\MSVC\14.23.28105\bin\HostX64\x64\cl.exe"  /nologo -D_CRT_SECURE_NO_DEPRECATE  /DWIN32 /D_WINDOWS /W3 /wd4996 /MDd /Zi /Ob0 /Od /RTC1 /showIncludes /FoCMakeFiles\cmTC_eadb6.dir\CheckIncludeFile.c.obj /FdCMakeFiles\cmTC_eadb6.dir\ /FS -c CheckIncludeFile.c
CheckIncludeFile.c(1): fatal error C1083: Cannot open include file: 'unistd.h': No such file or directory
ninja: build stopped: subcommand failed.



Determining if the include file dlfcn.h exists failed with the following output:
Change Dir: C:/Users/vm1/Downloads/fractal-protocol/desktop/include/json-c/out/build/x64-Debug/CMakeFiles/CMakeTmp

Run Build Command(s):C:/Program Files (x86)/Microsoft Visual Studio/2019/Community/Common7/IDE/CommonExtensions/Microsoft/CMake/Ninja/ninja.exe cmTC_b0ee9 && [1/2] Building C object CMakeFiles\cmTC_b0ee9.dir\CheckIncludeFile.c.obj
FAILED: CMakeFiles/cmTC_b0ee9.dir/CheckIncludeFile.c.obj 
"C:\PROGRA~2\Microsoft Visual Studio\2019\Community\VC\Tools\MSVC\14.23.28105\bin\HostX64\x64\cl.exe"  /nologo -D_CRT_SECURE_NO_DEPRECATE  /DWIN32 /D_WINDOWS /W3 /wd4996 /MDd /Zi /Ob0 /Od /RTC1 /showIncludes /FoCMakeFiles\cmTC_b0ee9.dir\CheckIncludeFile.c.obj /FdCMakeFiles\cmTC_b0ee9.dir\ /FS -c CheckIncludeFile.c
CheckIncludeFile.c(1): fatal error C1083: Cannot open include file: 'dlfcn.h': No such file or directory
ninja: build stopped: subcommand failed.



Determining if the include file endian.h exists failed with the following output:
Change Dir: C:/Users/vm1/Downloads/fractal-protocol/desktop/include/json-c/out/build/x64-Debug/CMakeFiles/CMakeTmp

Run Build Command(s):C:/Program Files (x86)/Microsoft Visual Studio/2019/Community/Common7/IDE/CommonExtensions/Microsoft/CMake/Ninja/ninja.exe cmTC_d07d9 && [1/2] Building C object CMakeFiles\cmTC_d07d9.dir\CheckIncludeFile.c.obj
FAILED: CMakeFiles/cmTC_d07d9.dir/CheckIncludeFile.c.obj 
"C:\PROGRA~2\Microsoft Visual Studio\2019\Community\VC\Tools\MSVC\14.23.28105\bin\HostX64\x64\cl.exe"  /nologo -D_CRT_SECURE_NO_DEPRECATE  /DWIN32 /D_WINDOWS /W3 /wd4996 /MDd /Zi /Ob0 /Od /RTC1 /showIncludes /FoCMakeFiles\cmTC_d07d9.dir\CheckIncludeFile.c.obj /FdCMakeFiles\cmTC_d07d9.dir\ /FS -c CheckIncludeFile.c
CheckIncludeFile.c(1): fatal error C1083: Cannot open include file: 'endian.h': No such file or directory
ninja: build stopped: subcommand failed.



Determining if the include file sys/cdefs.h exists failed with the following output:
Change Dir: C:/Users/vm1/Downloads/fractal-protocol/desktop/include/json-c/out/build/x64-Debug/CMakeFiles/CMakeTmp

Run Build Command(s):C:/Program Files (x86)/Microsoft Visual Studio/2019/Community/Common7/IDE/CommonExtensions/Microsoft/CMake/Ninja/ninja.exe cmTC_6faf0 && [1/2] Building C object CMakeFiles\cmTC_6faf0.dir\CheckIncludeFile.c.obj
FAILED: CMakeFiles/cmTC_6faf0.dir/CheckIncludeFile.c.obj 
"C:\PROGRA~2\Microsoft Visual Studio\2019\Community\VC\Tools\MSVC\14.23.28105\bin\HostX64\x64\cl.exe"  /nologo -D_CRT_SECURE_NO_DEPRECATE  /DWIN32 /D_WINDOWS /W3 /wd4996 /MDd /Zi /Ob0 /Od /RTC1 /showIncludes /FoCMakeFiles\cmTC_6faf0.dir\CheckIncludeFile.c.obj /FdCMakeFiles\cmTC_6faf0.dir\ /FS -c CheckIncludeFile.c
CheckIncludeFile.c(1): fatal error C1083: Cannot open include file: 'sys/cdefs.h': No such file or directory
ninja: build stopped: subcommand failed.



Determining if the include file sys/param.h exists failed with the following output:
Change Dir: C:/Users/vm1/Downloads/fractal-protocol/desktop/include/json-c/out/build/x64-Debug/CMakeFiles/CMakeTmp

Run Build Command(s):C:/Program Files (x86)/Microsoft Visual Studio/2019/Community/Common7/IDE/CommonExtensions/Microsoft/CMake/Ninja/ninja.exe cmTC_c0f90 && [1/2] Building C object CMakeFiles\cmTC_c0f90.dir\CheckIncludeFile.c.obj
FAILED: CMakeFiles/cmTC_c0f90.dir/CheckIncludeFile.c.obj 
"C:\PROGRA~2\Microsoft Visual Studio\2019\Community\VC\Tools\MSVC\14.23.28105\bin\HostX64\x64\cl.exe"  /nologo -D_CRT_SECURE_NO_DEPRECATE  /DWIN32 /D_WINDOWS /W3 /wd4996 /MDd /Zi /Ob0 /Od /RTC1 /showIncludes /FoCMakeFiles\cmTC_c0f90.dir\CheckIncludeFile.c.obj /FdCMakeFiles\cmTC_c0f90.dir\ /FS -c CheckIncludeFile.c
CheckIncludeFile.c(1): fatal error C1083: Cannot open include file: 'sys/param.h': No such file or directory
ninja: build stopped: subcommand failed.



Determining if the include file xlocale.h exists failed with the following output:
Change Dir: C:/Users/vm1/Downloads/fractal-protocol/desktop/include/json-c/out/build/x64-Debug/CMakeFiles/CMakeTmp

Run Build Command(s):C:/Program Files (x86)/Microsoft Visual Studio/2019/Community/Common7/IDE/CommonExtensions/Microsoft/CMake/Ninja/ninja.exe cmTC_3718f && [1/2] Building C object CMakeFiles\cmTC_3718f.dir\CheckIncludeFile.c.obj
FAILED: CMakeFiles/cmTC_3718f.dir/CheckIncludeFile.c.obj 
"C:\PROGRA~2\Microsoft Visual Studio\2019\Community\VC\Tools\MSVC\14.23.28105\bin\HostX64\x64\cl.exe"  /nologo -D_CRT_SECURE_NO_DEPRECATE  /DWIN32 /D_WINDOWS /W3 /wd4996 /MDd /Zi /Ob0 /Od /RTC1 /showIncludes /FoCMakeFiles\cmTC_3718f.dir\CheckIncludeFile.c.obj /FdCMakeFiles\cmTC_3718f.dir\ /FS -c CheckIncludeFile.c
CheckIncludeFile.c(1): fatal error C1083: Cannot open include file: 'xlocale.h': No such file or directory
ninja: build stopped: subcommand failed.



Determining if the _doprnt exist failed with the following output:
Change Dir: C:/Users/vm1/Downloads/fractal-protocol/desktop/include/json-c/out/build/x64-Debug/CMakeFiles/CMakeTmp

Run Build Command(s):C:/Program Files (x86)/Microsoft Visual Studio/2019/Community/Common7/IDE/CommonExtensions/Microsoft/CMake/Ninja/ninja.exe cmTC_e48b9 && [1/2] Building C object CMakeFiles\cmTC_e48b9.dir\CheckSymbolExists.c.obj
FAILED: CMakeFiles/cmTC_e48b9.dir/CheckSymbolExists.c.obj 
"C:\PROGRA~2\Microsoft Visual Studio\2019\Community\VC\Tools\MSVC\14.23.28105\bin\HostX64\x64\cl.exe"  /nologo -D_CRT_SECURE_NO_DEPRECATE  /DWIN32 /D_WINDOWS /W3 /wd4996 /MDd /Zi /Ob0 /Od /RTC1 /showIncludes /FoCMakeFiles\cmTC_e48b9.dir\CheckSymbolExists.c.obj /FdCMakeFiles\cmTC_e48b9.dir\ /FS -c CheckSymbolExists.c
CheckSymbolExists.c(8): error C2065: '_doprnt': undeclared identifier
ninja: build stopped: subcommand failed.


File C:/Users/vm1/Downloads/fractal-protocol/desktop/include/json-c/out/build/x64-Debug/CMakeFiles/CMakeTmp/CheckSymbolExists.c:
/* */
#include <stdio.h>

int main(int argc, char** argv)
{
  (void)argv;
#ifndef _doprnt
  return ((int*)(&_doprnt))[argc];
#else
  (void)argc;
  return 0;
#endif
}

Determining if the vasprintf exist failed with the following output:
Change Dir: C:/Users/vm1/Downloads/fractal-protocol/desktop/include/json-c/out/build/x64-Debug/CMakeFiles/CMakeTmp

Run Build Command(s):C:/Program Files (x86)/Microsoft Visual Studio/2019/Community/Common7/IDE/CommonExtensions/Microsoft/CMake/Ninja/ninja.exe cmTC_18faa && [1/2] Building C object CMakeFiles\cmTC_18faa.dir\CheckSymbolExists.c.obj
FAILED: CMakeFiles/cmTC_18faa.dir/CheckSymbolExists.c.obj 
"C:\PROGRA~2\Microsoft Visual Studio\2019\Community\VC\Tools\MSVC\14.23.28105\bin\HostX64\x64\cl.exe"  /nologo -D_CRT_SECURE_NO_DEPRECATE  /DWIN32 /D_WINDOWS /W3 /wd4996 /MDd /Zi /Ob0 /Od /RTC1 /showIncludes /FoCMakeFiles\cmTC_18faa.dir\CheckSymbolExists.c.obj /FdCMakeFiles\cmTC_18faa.dir\ /FS -c CheckSymbolExists.c
CheckSymbolExists.c(8): error C2065: 'vasprintf': undeclared identifier
ninja: build stopped: subcommand failed.


File C:/Users/vm1/Downloads/fractal-protocol/desktop/include/json-c/out/build/x64-Debug/CMakeFiles/CMakeTmp/CheckSymbolExists.c:
/* */
#include <stdio.h>

int main(int argc, char** argv)
{
  (void)argv;
#ifndef vasprintf
  return ((int*)(&vasprintf))[argc];
#else
  (void)argc;
  return 0;
#endif
}

Determining if the open exist failed with the following output:
Change Dir: C:/Users/vm1/Downloads/fractal-protocol/desktop/include/json-c/out/build/x64-Debug/CMakeFiles/CMakeTmp

Run Build Command(s):C:/Program Files (x86)/Microsoft Visual Studio/2019/Community/Common7/IDE/CommonExtensions/Microsoft/CMake/Ninja/ninja.exe cmTC_46581 && [1/2] Building C object CMakeFiles\cmTC_46581.dir\CheckSymbolExists.c.obj
FAILED: CMakeFiles/cmTC_46581.dir/CheckSymbolExists.c.obj 
"C:\PROGRA~2\Microsoft Visual Studio\2019\Community\VC\Tools\MSVC\14.23.28105\bin\HostX64\x64\cl.exe"  /nologo -D_CRT_SECURE_NO_DEPRECATE  /DWIN32 /D_WINDOWS /W3 /wd4996 /MDd /Zi /Ob0 /Od /RTC1 /showIncludes /FoCMakeFiles\cmTC_46581.dir\CheckSymbolExists.c.obj /FdCMakeFiles\cmTC_46581.dir\ /FS -c CheckSymbolExists.c
CheckSymbolExists.c(8): error C2065: 'open': undeclared identifier
ninja: build stopped: subcommand failed.


File C:/Users/vm1/Downloads/fractal-protocol/desktop/include/json-c/out/build/x64-Debug/CMakeFiles/CMakeTmp/CheckSymbolExists.c:
/* */
#include <fcntl.h>

int main(int argc, char** argv)
{
  (void)argv;
#ifndef open
  return ((int*)(&open))[argc];
#else
  (void)argc;
  return 0;
#endif
}

Determining if the uselocale exist failed with the following output:
Change Dir: C:/Users/vm1/Downloads/fractal-protocol/desktop/include/json-c/out/build/x64-Debug/CMakeFiles/CMakeTmp

Run Build Command(s):C:/Program Files (x86)/Microsoft Visual Studio/2019/Community/Common7/IDE/CommonExtensions/Microsoft/CMake/Ninja/ninja.exe cmTC_e960d && [1/2] Building C object CMakeFiles\cmTC_e960d.dir\CheckSymbolExists.c.obj
FAILED: CMakeFiles/cmTC_e960d.dir/CheckSymbolExists.c.obj 
"C:\PROGRA~2\Microsoft Visual Studio\2019\Community\VC\Tools\MSVC\14.23.28105\bin\HostX64\x64\cl.exe"  /nologo -D_CRT_SECURE_NO_DEPRECATE  /DWIN32 /D_WINDOWS /W3 /wd4996 /MDd /Zi /Ob0 /Od /RTC1 /showIncludes /FoCMakeFiles\cmTC_e960d.dir\CheckSymbolExists.c.obj /FdCMakeFiles\cmTC_e960d.dir\ /FS -c CheckSymbolExists.c
CheckSymbolExists.c(8): error C2065: 'uselocale': undeclared identifier
ninja: build stopped: subcommand failed.


File C:/Users/vm1/Downloads/fractal-protocol/desktop/include/json-c/out/build/x64-Debug/CMakeFiles/CMakeTmp/CheckSymbolExists.c:
/* */
#include <locale.h>

int main(int argc, char** argv)
{
  (void)argv;
#ifndef uselocale
  return ((int*)(&uselocale))[argc];
#else
  (void)argc;
  return 0;
#endif
}

Performing C SOURCE FILE Test HAVE_ATOMIC_BUILTINS failed with the following output:
Change Dir: C:/Users/vm1/Downloads/fractal-protocol/desktop/include/json-c/out/build/x64-Debug/CMakeFiles/CMakeTmp

Run Build Command(s):C:/Program Files (x86)/Microsoft Visual Studio/2019/Community/Common7/IDE/CommonExtensions/Microsoft/CMake/Ninja/ninja.exe cmTC_e53fe && [1/2] Building C object CMakeFiles\cmTC_e53fe.dir\src.c.obj
src.c(1): warning C4013: '__sync_add_and_fetch' undefined; assuming extern returning int
[2/2] Linking C executable cmTC_e53fe.exe
FAILED: cmTC_e53fe.exe 
cmd.exe /C "cd . && "C:\Program Files (x86)\Microsoft Visual Studio\2019\Community\Common7\IDE\CommonExtensions\Microsoft\CMake\CMake\bin\cmake.exe" -E vs_link_exe --intdir=CMakeFiles\cmTC_e53fe.dir --rc="C:\PROGRA~2\Windows Kits\10\bin\10.0.18362.0\x64\rc.exe" --mt="C:\PROGRA~2\Windows Kits\10\bin\10.0.18362.0\x64\mt.exe" --manifests  -- "C:\PROGRA~2\Microsoft Visual Studio\2019\Community\VC\Tools\MSVC\14.23.28105\bin\Hostx64\x64\link.exe" /nologo CMakeFiles\cmTC_e53fe.dir\src.c.obj  /out:cmTC_e53fe.exe /implib:cmTC_e53fe.lib /pdb:cmTC_e53fe.pdb /version:0.0  /machine:x64  /debug /INCREMENTAL /subsystem:console  kernel32.lib user32.lib gdi32.lib winspool.lib shell32.lib ole32.lib oleaut32.lib uuid.lib comdlg32.lib advapi32.lib && cd ."
LINK Pass 1: command "C:\PROGRA~2\Microsoft Visual Studio\2019\Community\VC\Tools\MSVC\14.23.28105\bin\Hostx64\x64\link.exe /nologo CMakeFiles\cmTC_e53fe.dir\src.c.obj /out:cmTC_e53fe.exe /implib:cmTC_e53fe.lib /pdb:cmTC_e53fe.pdb /version:0.0 /machine:x64 /debug /INCREMENTAL /subsystem:console kernel32.lib user32.lib gdi32.lib winspool.lib shell32.lib ole32.lib oleaut32.lib uuid.lib comdlg32.lib advapi32.lib /MANIFEST /MANIFESTFILE:CMakeFiles\cmTC_e53fe.dir/intermediate.manifest CMakeFiles\cmTC_e53fe.dir/manifest.res" failed (exit code 1120) with the following output:
src.c.obj : error LNK2019: unresolved external symbol __sync_add_and_fetch referenced in function main
cmTC_e53fe.exe : fatal error LNK1120: 1 unresolved externals
ninja: build stopped: subcommand failed.


Source file was:
int main() { int i, x = 0; i = __sync_add_and_fetch(&x,1); return x; }
Performing C SOURCE FILE Test HAVE___THREAD failed with the following output:
Change Dir: C:/Users/vm1/Downloads/fractal-protocol/desktop/include/json-c/out/build/x64-Debug/CMakeFiles/CMakeTmp

Run Build Command(s):C:/Program Files (x86)/Microsoft Visual Studio/2019/Community/Common7/IDE/CommonExtensions/Microsoft/CMake/Ninja/ninja.exe cmTC_36f57 && [1/2] Building C object CMakeFiles\cmTC_36f57.dir\src.c.obj
FAILED: CMakeFiles/cmTC_36f57.dir/src.c.obj 
"C:\PROGRA~2\Microsoft Visual Studio\2019\Community\VC\Tools\MSVC\14.23.28105\bin\HostX64\x64\cl.exe"  /nologo -D_CRT_SECURE_NO_DEPRECATE  /DWIN32 /D_WINDOWS /W3 -DHAVE___THREAD /wd4996 /MDd /Zi /Ob0 /Od /RTC1 /showIncludes /FoCMakeFiles\cmTC_36f57.dir\src.c.obj /FdCMakeFiles\cmTC_36f57.dir\ /FS -c src.c
src.c(1): error C2054: expected '(' to follow '__thread'
src.c(1): error C2085: 'x': not in formal parameter list
src.c(1): error C2143: syntax error: missing ';' before '='
ninja: build stopped: subcommand failed.


Source file was:
__thread int x = 0; int main() { return 0; }
